<?xml version="1.0" encoding="UTF-8"?>
<!-- Generated by org.testng.reporters.JUnitReportReporter -->
<testsuite hostname="Algorithmic-PC" name="dddd1.TestLogin" tests="1" failures="0" timestamp="30 Aug 2017 14:19:35 GMT" time="17.068" errors="0">
  <testcase name="TestRobo" time="17.068" classname="dddd1.TestLogin"/>
</testsuite> <!-- dddd1.TestLogin -->
