<?xml version="1.0" encoding="UTF-8"?>
<!-- Generated by org.testng.reporters.JUnitReportReporter -->
<testsuite hostname="Algorithmic-PC" name="dddd1.TestNaukri" tests="1" failures="0" timestamp="24 Aug 2017 14:59:02 GMT" time="9.817" errors="0">
  <testcase name="TestError" time="9.817" classname="dddd1.TestNaukri"/>
</testsuite> <!-- dddd1.TestNaukri -->
